\BOOKMARK [1][-]{section.1}{Introduction}{}% 1
\BOOKMARK [2][-]{subsection.1.1}{Motivation of Research}{section.1}% 2
\BOOKMARK [2][-]{subsection.1.2}{Prior Works}{section.1}% 3
\BOOKMARK [2][-]{subsection.1.3}{Objective}{section.1}% 4
\BOOKMARK [1][-]{section.2}{Statement and Motivation of Research}{}% 5
\BOOKMARK [1][-]{section.3}{Background Concepts}{}% 6
\BOOKMARK [2][-]{subsection.3.1}{Echo State Networks}{section.3}% 7
\BOOKMARK [2][-]{subsection.3.2}{Introduction}{section.3}% 8
\BOOKMARK [2][-]{subsection.3.3}{Formalism}{section.3}% 9
\BOOKMARK [1][-]{section.4}{Description of the Investigation}{}% 10
\BOOKMARK [2][-]{subsection.4.1}{Data Description and Preprocessing}{section.4}% 11
\BOOKMARK [3][-]{subsubsection.4.1.1}{Step 1}{subsection.4.1}% 12
\BOOKMARK [3][-]{subsubsection.4.1.2}{Step 2}{subsection.4.1}% 13
\BOOKMARK [3][-]{subsubsection.4.1.3}{Step 3}{subsection.4.1}% 14
\BOOKMARK [2][-]{subsection.4.2}{Additional Input Signals}{section.4}% 15
\BOOKMARK [3][-]{subsubsection.4.2.1}{Pearson correlation coefficient}{subsection.4.2}% 16
\BOOKMARK [2][-]{subsection.4.3}{Network Setup}{section.4}% 17
\BOOKMARK [2][-]{subsection.4.4}{Regularization}{section.4}% 18
\BOOKMARK [1][-]{section.5}{Evaluation of the Investigation}{}% 19
\BOOKMARK [1][-]{section.6}{Conclusions}{}% 20
